<?xml version="1.0" encoding="UTF-8" ?>
<testsuite tests="5" failures="5" name="com.sg.vendingmachine.service.VendingMachineServiceLayerImplTest" time="0.011" errors="0" skipped="0">
  <properties>
    <property name="java.runtime.name" value="OpenJDK Runtime Environment"/>
    <property name="java.vm.version" value="11.0.11+9"/>
    <property name="sun.boot.library.path" value="/Library/Java/JavaVirtualMachines/adoptopenjdk-11.jdk/Contents/Home/lib"/>
    <property name="gopherProxySet" value="false"/>
    <property name="maven.multiModuleProjectDirectory" value="/Users/christinatillery/NetBeansProjects/VendingMachine"/>
    <property name="java.vm.vendor" value="AdoptOpenJDK"/>
    <property name="java.vendor.url" value="https://adoptopenjdk.net/"/>
    <property name="guice.disable.misplaced.annotation.check" value="true"/>
    <property name="path.separator" value=":"/>
    <property name="java.vm.name" value="OpenJDK 64-Bit Server VM"/>
    <property name="sun.os.patch.level" value="unknown"/>
    <property name="user.country" value="GB"/>
    <property name="sun.java.launcher" value="SUN_STANDARD"/>
    <property name="java.vm.specification.name" value="Java Virtual Machine Specification"/>
    <property name="user.dir" value="/Users/christinatillery/NetBeansProjects/VendingMachine"/>
    <property name="java.vm.compressedOopsMode" value="Zero based"/>
    <property name="java.runtime.version" value="11.0.11+9"/>
    <property name="java.awt.graphicsenv" value="sun.awt.CGraphicsEnvironment"/>
    <property name="os.arch" value="x86_64"/>
    <property name="java.io.tmpdir" value="/var/folders/h5/6cyf5w_92_n09mz55qp9w2n80000gn/T/"/>
    <property name="line.separator" value="
"/>
    <property name="java.vm.specification.vendor" value="Oracle Corporation"/>
    <property name="os.name" value="Mac OS X"/>
    <property name="maven.ext.class.path" value="/Applications/NetBeans/Apache NetBeans 12.4.app/Contents/Resources/NetBeans/netbeans/java/maven-nblib/netbeans-eventspy.jar"/>
    <property name="classworlds.conf" value="/Applications/NetBeans/Apache NetBeans 12.4.app/Contents/Resources/NetBeans/netbeans/java/maven/bin/m2.conf"/>
    <property name="sun.jnu.encoding" value="UTF-8"/>
    <property name="java.library.path" value="/Users/christinatillery/Library/Java/Extensions:/Library/Java/Extensions:/Network/Library/Java/Extensions:/System/Library/Java/Extensions:/usr/lib/java:."/>
    <property name="maven.conf" value="/Applications/NetBeans/Apache NetBeans 12.4.app/Contents/Resources/NetBeans/netbeans/java/maven/conf"/>
    <property name="jdk.debug" value="release"/>
    <property name="java.class.version" value="55.0"/>
    <property name="java.specification.name" value="Java Platform API Specification"/>
    <property name="sun.management.compiler" value="HotSpot 64-Bit Tiered Compilers"/>
    <property name="os.version" value="10.15.7"/>
    <property name="library.jansi.path" value="/Applications/NetBeans/Apache NetBeans 12.4.app/Contents/Resources/NetBeans/netbeans/java/maven/lib/jansi-native"/>
    <property name="user.home" value="/Users/christinatillery"/>
    <property name="user.timezone" value="America/New_York"/>
    <property name="java.awt.printerjob" value="sun.lwawt.macosx.CPrinterJob"/>
    <property name="file.encoding" value="UTF-8"/>
    <property name="java.specification.version" value="11"/>
    <property name="user.name" value="christinatillery"/>
    <property name="java.class.path" value="/Applications/NetBeans/Apache NetBeans 12.4.app/Contents/Resources/NetBeans/netbeans/java/maven/boot/plexus-classworlds-2.6.0.jar"/>
    <property name="java.vm.specification.version" value="11"/>
    <property name="sun.arch.data.model" value="64"/>
    <property name="sun.java.command" value="org.codehaus.plexus.classworlds.launcher.Launcher -Dmaven.ext.class.path=/Applications/NetBeans/Apache NetBeans 12.4.app/Contents/Resources/NetBeans/netbeans/java/maven-nblib/netbeans-eventspy.jar install"/>
    <property name="java.home" value="/Library/Java/JavaVirtualMachines/adoptopenjdk-11.jdk/Contents/Home"/>
    <property name="user.language" value="en"/>
    <property name="java.specification.vendor" value="Oracle Corporation"/>
    <property name="awt.toolkit" value="sun.lwawt.macosx.LWCToolkit"/>
    <property name="java.vm.info" value="mixed mode"/>
    <property name="java.version" value="11.0.11"/>
    <property name="java.vendor" value="AdoptOpenJDK"/>
    <property name="maven.home" value="/Applications/NetBeans/Apache NetBeans 12.4.app/Contents/Resources/NetBeans/netbeans/java/maven"/>
    <property name="file.separator" value="/"/>
    <property name="java.version.date" value="2021-04-20"/>
    <property name="java.vendor.url.bug" value="https://github.com/AdoptOpenJDK/openjdk-support/issues"/>
    <property name="sun.io.unicode.encoding" value="UnicodeBig"/>
    <property name="sun.cpu.endian" value="little"/>
    <property name="java.vendor.version" value="AdoptOpenJDK-11.0.11+9"/>
    <property name="sun.cpu.isalist" value=""/>
  </properties>
  <testcase classname="com.sg.vendingmachine.service.VendingMachineServiceLayerImplTest" name="com.sg.vendingmachine.service.VendingMachineServiceLayerImplTest.testGetAllItems" time="0.003">
    <failure type="java.lang.NullPointerException">java.lang.NullPointerException
	at com.sg.vendingmachine.service.VendingMachineServiceLayerImplTest.testGetAllItems(VendingMachineServiceLayerImplTest.java:58)
</failure>
    <system-out>getAllItems
</system-out>
  </testcase>
  <testcase classname="com.sg.vendingmachine.service.VendingMachineServiceLayerImplTest" name="com.sg.vendingmachine.service.VendingMachineServiceLayerImplTest.testValidateAmount" time="0.004">
    <failure type="java.lang.NullPointerException">java.lang.NullPointerException
	at com.sg.vendingmachine.service.VendingMachineServiceLayerImplTest.testValidateAmount(VendingMachineServiceLayerImplTest.java:74)
</failure>
    <system-out>validateAmount
</system-out>
  </testcase>
  <testcase classname="com.sg.vendingmachine.service.VendingMachineServiceLayerImplTest" name="com.sg.vendingmachine.service.VendingMachineServiceLayerImplTest.testUpdateItem" time="0.001">
    <failure type="java.lang.NullPointerException">java.lang.NullPointerException
	at com.sg.vendingmachine.service.VendingMachineServiceLayerImplTest.testUpdateItem(VendingMachineServiceLayerImplTest.java:90)
</failure>
    <system-out>updateItem
</system-out>
  </testcase>
  <testcase classname="com.sg.vendingmachine.service.VendingMachineServiceLayerImplTest" name="com.sg.vendingmachine.service.VendingMachineServiceLayerImplTest.testGetItem" time="0.001">
    <failure type="java.lang.NullPointerException">java.lang.NullPointerException
	at com.sg.vendingmachine.service.VendingMachineServiceLayerImplTest.testGetItem(VendingMachineServiceLayerImplTest.java:105)
</failure>
    <system-out>getItem
</system-out>
  </testcase>
  <testcase classname="com.sg.vendingmachine.service.VendingMachineServiceLayerImplTest" name="com.sg.vendingmachine.service.VendingMachineServiceLayerImplTest.testValidateItemAvail" time="0.002">
    <failure type="java.lang.NullPointerException">java.lang.NullPointerException
	at com.sg.vendingmachine.service.VendingMachineServiceLayerImplTest.testValidateItemAvail(VendingMachineServiceLayerImplTest.java:120)
</failure>
    <system-out>validateItemAvail
</system-out>
  </testcase>
</testsuite>